******************** input parameters ***************************
*	# of thread:64
*	# of iteration:1
*	the input graph file:../materials/input/graph/IMDB/graph.txt
*	the input vertex file:../materials/input/graph/IMDB/vertex.txt
*	the input edge file:../materials/input/graph/IMDB/edge.txt
*	the input meta-path:../materials/input/metapath/IMDB/IMDB.txt
*	the output file:../materials/output/accuracy/IMDB/dm_acc.txt
*****************************************************************
*	the number of vertex is: 471822.
*	successfully get vertex types.
*	the number of edge is: 1041942.
*	successfully get edge types.
*	successfully get graph.
*	successfully get metapathesN.
time cost of :0th process: 10.7907s
0th m: 0
time cost of estimate: 10.6384s
time cost of :0th process: 10.2817s
0th m: 0
time cost of estimate: 10.2535s
time cost of :0th process: 2.97649s
0th m: 0
time cost of estimate: 2.95745s
time cost of :0th process: 4.25426s
0th m: 0
time cost of estimate: 4.23121s
time cost of :0th process: 5.77274s
0th m: 0
time cost of estimate: 5.74902s
time cost of :0th process: 6.51588s
0th m: 0
time cost of estimate: 6.48973s
time cost of :0th process: 10.4571s
0th m: 0
time cost of estimate: 10.4242s
time cost of :0th process: 12.1331s
0th m: 0
time cost of estimate: 12.1054s
time cost of :0th process: 2.98906s
0th m: 0
time cost of estimate: 2.97012s
time cost of :0th process: 6.61731s
0th m: 0
time cost of estimate: 6.59582s
time cost of :0th process: 6.66199s
0th m: 0
time cost of estimate: 6.63694s
time cost of :0th process: 2.96124s
0th m: 0
time cost of estimate: 2.94281s
time cost of :0th process: 10.2977s
0th m: 0
time cost of estimate: 10.2694s
time cost of :0th process: 10.4806s
0th m: 0
time cost of estimate: 10.4459s
time cost of :0th process: 2.76501s
0th m: 0
time cost of estimate: 2.74176s
time cost of :0th process: 10.0046s
0th m: 0
time cost of estimate: 9.97081s
time cost of :0th process: 9.48246s
0th m: 0
time cost of estimate: 9.46038s
time cost of :0th process: 10.4658s
0th m: 0
time cost of estimate: 10.4399s
time cost of :0th process: 3.77707s
0th m: 0
time cost of estimate: 3.75277s
time cost of :0th process: 5.22622s
0th m: 0
time cost of estimate: 5.20936s
time cost of :0th process: 9.39294s
0th m: 0
time cost of estimate: 9.36533s
time cost of :0th process: 0.839225s
0th m: 0
time cost of estimate: 0.821372s
time cost of :0th process: 7.80686s
0th m: 0
time cost of estimate: 7.77489s
time cost of :0th process: 5.22652s
0th m: 0
time cost of estimate: 5.20573s
time cost of :0th process: 9.87205s
0th m: 0
time cost of estimate: 9.84359s
time cost of :0th process: 11.8175s
0th m: 0
time cost of estimate: 11.7821s
time cost of :0th process: 0.739813s
0th m: 0
time cost of estimate: 0.719213s
time cost of :0th process: 3.13493s
0th m: 0
time cost of estimate: 3.11493s
time cost of :0th process: 9.11266s
0th m: 0
time cost of estimate: 9.08477s
time cost of :0th process: 12.4095s
0th m: 0
time cost of estimate: 12.3797s
time cost of :0th process: 1.20128s
0th m: 0
time cost of estimate: 1.18086s
time cost of :0th process: 5.48794s
0th m: 0
time cost of estimate: 5.46887s
time cost of :0th process: 6.39912s
0th m: 0
time cost of estimate: 6.38031s
time cost of :0th process: 10.4728s
0th m: 0
time cost of estimate: 10.4454s
time cost of :0th process: 10.2019s
0th m: 0
time cost of estimate: 10.1674s
time cost of :0th process: 2.60841s
0th m: 0
time cost of estimate: 2.58512s
time cost of :0th process: 7.04865s
0th m: 0
time cost of estimate: 7.02232s
time cost of :0th process: 10.1937s
0th m: 0
time cost of estimate: 10.1637s
time cost of :0th process: 5.46836s
0th m: 0
time cost of estimate: 5.44261s
time cost of :0th process: 3.0407s
0th m: 0
time cost of estimate: 3.01923s
time cost of :0th process: 3.98626s
0th m: 0
time cost of estimate: 3.96044s
time cost of :0th process: 10.5776s
0th m: 0
time cost of estimate: 10.5532s
time cost of :0th process: 8.78915s
0th m: 0
time cost of estimate: 8.76385s
time cost of :0th process: 2.69092s
0th m: 0
time cost of estimate: 2.67169s
time cost of :0th process: 5.59665s
0th m: 0
time cost of estimate: 5.57404s
time cost of :0th process: 11.8057s
0th m: 0
time cost of estimate: 11.7745s
time cost of :0th process: 10.0374s
0th m: 0
time cost of estimate: 10.0096s
time cost of :0th process: 9.39687s
0th m: 0
time cost of estimate: 9.36851s
time cost of :0th process: 5.37076s
0th m: 0
time cost of estimate: 5.3472s
time cost of :0th process: 5.15117s
0th m: 0
time cost of estimate: 5.12356s
time cost of :0th process: 9.44245s
0th m: 0
time cost of estimate: 9.41614s
time cost of :0th process: 1.206s
0th m: 0
time cost of estimate: 1.1823s
time cost of :0th process: 11.9192s
0th m: 0
time cost of estimate: 11.8843s
time cost of :0th process: 4.73355s
0th m: 0
time cost of estimate: 4.70984s
time cost of :0th process: 3.03155s
0th m: 0
time cost of estimate: 3.00957s
time cost of :0th process: 9.67349s
0th m: 0
time cost of estimate: 9.64761s
time cost of :0th process: 1.96127s
0th m: 0
time cost of estimate: 1.94089s
time cost of :0th process: 3.31256s
0th m: 0
time cost of estimate: 3.2926s
time cost of :0th process: 10.8054s
0th m: 0
time cost of estimate: 10.774s
time cost of :0th process: 3.44013s
0th m: 0
time cost of estimate: 3.41554s
time cost of :0th process: 3.15488s
0th m: 0
time cost of estimate: 3.1265s
time cost of :0th process: 10.2405s
0th m: 0
time cost of estimate: 10.2136s
time cost of :0th process: 3.18707s
0th m: 0
time cost of estimate: 3.16353s
time cost of :0th process: 1.03043s
0th m: 0
time cost of estimate: 1.01189s
time cost of :0th process: 5.84059s
0th m: 0
time cost of estimate: 5.81967s
time cost of :0th process: 1.15746s
0th m: 0
time cost of estimate: 1.13702s
time cost of :0th process: 4.45254s
0th m: 0
time cost of estimate: 4.42774s
time cost of :0th process: 10.3476s
0th m: 0
time cost of estimate: 10.323s
time cost of :0th process: 10.8592s
0th m: 0
time cost of estimate: 10.8291s
time cost of :0th process: 3.14705s
0th m: 0
time cost of estimate: 3.12242s
time cost of :0th process: 10.9696s
0th m: 0
time cost of estimate: 10.9396s
time cost of :0th process: 6.31727s
0th m: 0
time cost of estimate: 6.28721s
time cost of :0th process: 11.8496s
0th m: 0
time cost of estimate: 11.8159s
time cost of :0th process: 10.1756s
0th m: 0
time cost of estimate: 10.1499s
time cost of :0th process: 5.36191s
0th m: 0
time cost of estimate: 5.33661s
time cost of :0th process: 5.13536s
0th m: 0
time cost of estimate: 5.10723s
time cost of :0th process: 3.22018s
0th m: 0
time cost of estimate: 3.19981s
time cost of :0th process: 6.68121s
0th m: 0
time cost of estimate: 6.65524s
time cost of :0th process: 2.91552s
0th m: 0
time cost of estimate: 2.89173s
time cost of :0th process: 7.20997s
0th m: 0
time cost of estimate: 7.18554s
time cost of :0th process: 5.77291s
0th m: 0
time cost of estimate: 5.74786s
time cost of :0th process: 6.55588s
0th m: 0
time cost of estimate: 6.53529s
time cost of :0th process: 2.84672s
0th m: 0
time cost of estimate: 2.82329s
time cost of :0th process: 1.73834s
0th m: 0
time cost of estimate: 1.71804s
time cost of :0th process: 11.4992s
0th m: 0
time cost of estimate: 11.4743s
time cost of :0th process: 9.29649s
0th m: 0
time cost of estimate: 9.26831s
time cost of :0th process: 12.0582s
0th m: 0
time cost of estimate: 12.0293s
time cost of :0th process: 9.62387s
0th m: 0
time cost of estimate: 9.59541s
time cost of :0th process: 3.33435s
0th m: 0
time cost of estimate: 3.31245s
time cost of :0th process: 11.7028s
0th m: 0
time cost of estimate: 11.6777s
time cost of :0th process: 3.5813s
0th m: 0
time cost of estimate: 3.56004s
time cost of :0th process: 9.86137s
0th m: 0
time cost of estimate: 9.8321s
time cost of :0th process: 12.7461s
0th m: 0
time cost of estimate: 12.7089s
time cost of :0th process: 10.512s
0th m: 0
time cost of estimate: 10.4786s
time cost of :0th process: 5.70549s
0th m: 0
time cost of estimate: 5.68143s
time cost of :0th process: 2.6513s
0th m: 0
time cost of estimate: 2.63128s
time cost of :0th process: 6.25908s
0th m: 0
time cost of estimate: 6.22961s
time cost of :0th process: 6.35111s
0th m: 0
time cost of estimate: 6.32517s
time cost of :0th process: 11.561s
0th m: 0
time cost of estimate: 11.4766s
time cost of :0th process: 2.04662s
0th m: 0
time cost of estimate: 1.87111s
******************** input parameters ***************************
*	# of thread:64
*	# of iteration:1
*	the input graph file:../materials/input/graph/IMDB/graph.txt
*	the input vertex file:../materials/input/graph/IMDB/vertex.txt
*	the input edge file:../materials/input/graph/IMDB/edge.txt
*	the input meta-path:../materials/input/metapath/IMDB/IMDB.txt
*	the output file:../materials/output/accuracy/IMDB/lg_acc.txt
*****************************************************************
*	the number of vertex is: 471822.
*	successfully get vertex types.
*	the number of edge is: 1041942.
*	successfully get edge types.
*	successfully get graph.
*	successfully get metapathesN.
time cost of :0th process: 6.26555s
0th m: 0
time cost of estimate: 5.96488s
time cost of :0th process: 5.53458s
0th m: 0
time cost of estimate: 5.35197s
time cost of :0th process: 3.99618s
0th m: 0
time cost of estimate: 3.79466s
time cost of :0th process: 4.92418s
0th m: 0
time cost of estimate: 4.76405s
time cost of :0th process: 5.2463s
0th m: 0
time cost of estimate: 5.05509s
time cost of :0th process: 5.24595s
0th m: 0
time cost of estimate: 5.02991s
time cost of :0th process: 5.60111s
0th m: 0
time cost of estimate: 5.41184s
time cost of :0th process: 5.77616s
0th m: 0
time cost of estimate: 5.58399s
time cost of :0th process: 3.82822s
0th m: 0
time cost of estimate: 3.68451s
time cost of :0th process: 5.45357s
0th m: 0
time cost of estimate: 5.2449s
time cost of :0th process: 5.15792s
0th m: 0
time cost of estimate: 4.96948s
time cost of :0th process: 4.44377s
0th m: 0
time cost of estimate: 4.17408s
time cost of :0th process: 5.57712s
0th m: 0
time cost of estimate: 5.40245s
time cost of :0th process: 5.62091s
0th m: 0
time cost of estimate: 5.40942s
time cost of :0th process: 4.11601s
0th m: 0
time cost of estimate: 3.88444s
time cost of :0th process: 5.89637s
0th m: 0
time cost of estimate: 5.65688s
time cost of :0th process: 6.07653s
0th m: 0
time cost of estimate: 5.89172s
time cost of :0th process: 6.43176s
0th m: 0
time cost of estimate: 6.17625s
time cost of :0th process: 5.28057s
0th m: 0
time cost of estimate: 5.08902s
time cost of :0th process: 5.96051s
0th m: 0
time cost of estimate: 5.70012s
time cost of :0th process: 7.47075s
0th m: 0
time cost of estimate: 7.21323s
time cost of :0th process: 3.75834s
0th m: 0
time cost of estimate: 3.56822s
time cost of :0th process: 5.42308s
0th m: 0
time cost of estimate: 5.25305s
time cost of :0th process: 5.00659s
0th m: 0
time cost of estimate: 4.82347s
time cost of :0th process: 5.75162s
0th m: 0
time cost of estimate: 5.58389s
time cost of :0th process: 6.83637s
0th m: 0
time cost of estimate: 6.62506s
time cost of :0th process: 3.85613s
0th m: 0
time cost of estimate: 3.66467s
time cost of :0th process: 4.51372s
0th m: 0
time cost of estimate: 4.36734s
time cost of :0th process: 6.49668s
0th m: 0
time cost of estimate: 6.14611s
time cost of :0th process: 8.06859s
0th m: 0
time cost of estimate: 7.88607s
time cost of :0th process: 4.00537s
0th m: 0
time cost of estimate: 3.75863s
time cost of :0th process: 5.39399s
0th m: 0
time cost of estimate: 5.15759s
time cost of :0th process: 5.96331s
0th m: 0
time cost of estimate: 5.75525s
time cost of :0th process: 6.31815s
0th m: 0
time cost of estimate: 6.07751s
time cost of :0th process: 6.30217s
0th m: 0
time cost of estimate: 6.07974s
time cost of :0th process: 4.47885s
0th m: 0
time cost of estimate: 4.24005s
time cost of :0th process: 5.67166s
0th m: 0
time cost of estimate: 5.48965s
time cost of :0th process: 6.64284s
0th m: 0
time cost of estimate: 6.38658s
time cost of :0th process: 5.9771s
0th m: 0
time cost of estimate: 5.72934s
time cost of :0th process: 4.64604s
0th m: 0
time cost of estimate: 4.39647s
time cost of :0th process: 5.01895s
0th m: 0
time cost of estimate: 4.82857s
time cost of :0th process: 6.65435s
0th m: 0
time cost of estimate: 6.48427s
time cost of :0th process: 5.97891s
0th m: 0
time cost of estimate: 5.79914s
time cost of :0th process: 4.31455s
0th m: 0
time cost of estimate: 4.17162s
time cost of :0th process: 5.22779s
0th m: 0
time cost of estimate: 5.03988s
time cost of :0th process: 6.86942s
0th m: 0
time cost of estimate: 6.64494s
time cost of :0th process: 6.50724s
0th m: 0
time cost of estimate: 6.26809s
time cost of :0th process: 6.42891s
0th m: 0
time cost of estimate: 6.18987s
time cost of :0th process: 4.95905s
0th m: 0
time cost of estimate: 4.76052s
time cost of :0th process: 5.92134s
0th m: 0
time cost of estimate: 5.72294s
time cost of :0th process: 6.31565s
0th m: 0
time cost of estimate: 5.95847s
time cost of :0th process: 3.50638s
0th m: 0
time cost of estimate: 3.25577s
time cost of :0th process: 6.76544s
0th m: 0
time cost of estimate: 6.54654s
time cost of :0th process: 6.05262s
0th m: 0
time cost of estimate: 5.74643s
time cost of :0th process: 4.50429s
0th m: 0
time cost of estimate: 4.29723s
time cost of :0th process: 6.32947s
0th m: 0
time cost of estimate: 6.10494s
time cost of :0th process: 4.83694s
0th m: 0
time cost of estimate: 4.64413s
time cost of :0th process: 4.6759s
0th m: 0
time cost of estimate: 4.33409s
time cost of :0th process: 6.54516s
0th m: 0
time cost of estimate: 6.31557s
time cost of :0th process: 4.39888s
0th m: 0
time cost of estimate: 4.23286s
time cost of :0th process: 5.57155s
0th m: 0
time cost of estimate: 5.39379s
time cost of :0th process: 6.7363s
0th m: 0
time cost of estimate: 6.24382s
time cost of :0th process: 5.04729s
0th m: 0
time cost of estimate: 4.88222s
time cost of :0th process: 4.39476s
0th m: 0
time cost of estimate: 4.24403s
time cost of :0th process: 5.98014s
0th m: 0
time cost of estimate: 5.7712s
time cost of :0th process: 4.18166s
0th m: 0
time cost of estimate: 3.97219s
time cost of :0th process: 5.49668s
0th m: 0
time cost of estimate: 5.29074s
time cost of :0th process: 5.50515s
0th m: 0
time cost of estimate: 5.30556s
time cost of :0th process: 5.93877s
0th m: 0
time cost of estimate: 5.76276s
time cost of :0th process: 3.80876s
0th m: 0
time cost of estimate: 3.65603s
time cost of :0th process: 5.65964s
0th m: 0
time cost of estimate: 5.48644s
time cost of :0th process: 5.27375s
0th m: 0
time cost of estimate: 5.09469s
time cost of :0th process: 6.01159s
0th m: 0
time cost of estimate: 5.83392s
time cost of :0th process: 5.52972s
0th m: 0
time cost of estimate: 5.35594s
time cost of :0th process: 4.26387s
0th m: 0
time cost of estimate: 4.06492s
time cost of :0th process: 6.389s
0th m: 0
time cost of estimate: 6.23055s
time cost of :0th process: 3.61869s
0th m: 0
time cost of estimate: 3.47906s
time cost of :0th process: 5.66697s
0th m: 0
time cost of estimate: 5.45565s
time cost of :0th process: 3.81981s
0th m: 0
time cost of estimate: 3.61836s
time cost of :0th process: 4.9743s
0th m: 0
time cost of estimate: 4.81364s
time cost of :0th process: 4.76743s
0th m: 0
time cost of estimate: 4.61501s
time cost of :0th process: 4.9298s
0th m: 0
time cost of estimate: 4.77312s
time cost of :0th process: 4.56457s
0th m: 0
time cost of estimate: 4.41127s
time cost of :0th process: 3.67439s
0th m: 0
time cost of estimate: 3.53486s
time cost of :0th process: 5.63692s
0th m: 0
time cost of estimate: 5.4754s
time cost of :0th process: 5.09489s
0th m: 0
time cost of estimate: 4.93902s
time cost of :0th process: 5.63505s
0th m: 0
time cost of estimate: 5.47471s
time cost of :0th process: 5.23669s
0th m: 0
time cost of estimate: 5.07861s
time cost of :0th process: 3.60798s
0th m: 0
time cost of estimate: 3.47042s
time cost of :0th process: 5.59606s
0th m: 0
time cost of estimate: 5.43732s
time cost of :0th process: 3.93143s
0th m: 0
time cost of estimate: 3.78982s
time cost of :0th process: 5.27572s
0th m: 0
time cost of estimate: 5.10894s
time cost of :0th process: 5.61295s
0th m: 0
time cost of estimate: 5.45327s
time cost of :0th process: 5.2692s
0th m: 0
time cost of estimate: 5.10893s
time cost of :0th process: 4.94172s
0th m: 0
time cost of estimate: 4.7873s
time cost of :0th process: 3.63051s
0th m: 0
time cost of estimate: 3.49268s
time cost of :0th process: 4.95853s
0th m: 0
time cost of estimate: 4.80483s
time cost of :0th process: 4.97461s
0th m: 0
time cost of estimate: 4.81853s
time cost of :0th process: 5.6222s
0th m: 0
time cost of estimate: 5.46251s
time cost of :0th process: 3.26414s
0th m: 0
time cost of estimate: 3.12207s
******************** input parameters ***************************
*	# of thread:64
*	# of iteration:1
*	the input graph file:../materials/input/graph/IMDB/graph.txt
*	the input vertex file:../materials/input/graph/IMDB/vertex.txt
*	the input edge file:../materials/input/graph/IMDB/edge.txt
*	the input meta-path:../materials/input/metapath/IMDB/IMDB.txt
*	the output file:../materials/output/accuracy/IMDB/meta_acc.txt
*****************************************************************
*	the number of vertex is: 471822.
*	successfully get vertex types.
*	the number of edge is: 1041942.
*	successfully get edge types.
*	successfully get graph.
*	successfully get metapathesN.
time cost of :0th process: 0.091604s
0th m: 0
time cost of estimate: 0.015447s
time cost:0.091604s
time cost of :0th process: 0.027975s
0th m: 0
time cost of estimate: 0.013599s
time cost:0.027975s
time cost of :0th process: 0.017291s
0th m: 0
time cost of estimate: 0.008801s
time cost:0.017291s
time cost of :0th process: 0.019462s
0th m: 0
time cost of estimate: 0.009977s
time cost:0.019462s
time cost of :0th process: 0.020424s
0th m: 0
time cost of estimate: 0.011148s
time cost:0.020424s
time cost of :0th process: 0.021058s
0th m: 0
time cost of estimate: 0.011383s
time cost:0.021058s
time cost of :0th process: 0.025746s
0th m: 0
time cost of estimate: 0.013649s
time cost:0.025746s
time cost of :0th process: 0.02472s
0th m: 0
time cost of estimate: 0.014227s
time cost:0.02472s
time cost of :0th process: 0.015094s
0th m: 0
time cost of estimate: 0.009976s
time cost:0.015094s
time cost of :0th process: 0.023441s
0th m: 0
time cost of estimate: 0.013713s
time cost:0.023441s
time cost of :0th process: 0.021992s
0th m: 0
time cost of estimate: 0.012509s
time cost:0.021992s
time cost of :0th process: 0.015448s
0th m: 0
time cost of estimate: 0.010077s
time cost:0.015448s
time cost of :0th process: 0.023788s
0th m: 0
time cost of estimate: 0.014484s
time cost:0.023788s
time cost of :0th process: 0.025236s
0th m: 0
time cost of estimate: 0.014661s
time cost:0.025236s
time cost of :0th process: 0.01696s
0th m: 0
time cost of estimate: 0.010583s
time cost:0.01696s
time cost of :0th process: 0.025434s
0th m: 0
time cost of estimate: 0.015038s
time cost:0.025434s
time cost of :0th process: 0.02903s
0th m: 0
time cost of estimate: 0.015361s
time cost:0.02903s
time cost of :0th process: 0.027246s
0th m: 0
time cost of estimate: 0.015173s
time cost:0.027246s
time cost of :0th process: 0.021272s
0th m: 0
time cost of estimate: 0.011874s
time cost:0.021272s
time cost of :0th process: 0.020877s
0th m: 0
time cost of estimate: 0.013284s
time cost:0.020877s
time cost of :0th process: 0.026863s
0th m: 0
time cost of estimate: 0.015863s
time cost:0.026863s
time cost of :0th process: 0.01355s
0th m: 0
time cost of estimate: 0.007893s
time cost:0.01355s
time cost of :0th process: 0.021368s
0th m: 0
time cost of estimate: 0.013335s
time cost:0.021368s
time cost of :0th process: 0.021666s
0th m: 0
time cost of estimate: 0.013716s
time cost:0.021666s
time cost of :0th process: 0.027041s
0th m: 0
time cost of estimate: 0.015899s
time cost:0.027041s
time cost of :0th process: 0.028501s
0th m: 0
time cost of estimate: 0.016076s
time cost:0.028501s
time cost of :0th process: 0.014718s
0th m: 0
time cost of estimate: 0.008296s
time cost:0.014718s
time cost of :0th process: 0.017364s
0th m: 0
time cost of estimate: 0.011269s
time cost:0.017364s
time cost of :0th process: 0.029523s
0th m: 0
time cost of estimate: 0.016395s
time cost:0.029523s
time cost of :0th process: 0.03213s
0th m: 0
time cost of estimate: 0.016289s
time cost:0.03213s
time cost of :0th process: 0.016493s
0th m: 0
time cost of estimate: 0.010185s
time cost:0.016493s
time cost of :0th process: 0.021932s
0th m: 0
time cost of estimate: 0.013856s
time cost:0.021932s
time cost of :0th process: 0.022479s
0th m: 0
time cost of estimate: 0.013921s
time cost:0.022479s
time cost of :0th process: 0.030341s
0th m: 0
time cost of estimate: 0.016466s
time cost:0.030341s
time cost of :0th process: 0.030483s
0th m: 0
time cost of estimate: 0.016732s
time cost:0.030483s
time cost of :0th process: 0.018505s
0th m: 0
time cost of estimate: 0.01173s
time cost:0.018505s
time cost of :0th process: 0.030852s
0th m: 0
time cost of estimate: 0.016576s
time cost:0.030852s
time cost of :0th process: 0.034392s
0th m: 0
time cost of estimate: 0.018113s
time cost:0.034392s
time cost of :0th process: 0.027785s
0th m: 0
time cost of estimate: 0.01526s
time cost:0.027785s
time cost of :0th process: 0.019123s
0th m: 0
time cost of estimate: 0.011892s
time cost:0.019123s
time cost of :0th process: 0.021572s
0th m: 0
time cost of estimate: 0.01284s
time cost:0.021572s
time cost of :0th process: 0.0296s
0th m: 0
time cost of estimate: 0.017093s
time cost:0.0296s
time cost of :0th process: 0.033431s
0th m: 0
time cost of estimate: 0.017404s
time cost:0.033431s
time cost of :0th process: 0.018576s
0th m: 0
time cost of estimate: 0.011921s
time cost:0.018576s
time cost of :0th process: 0.023745s
0th m: 0
time cost of estimate: 0.01422s
time cost:0.023745s
time cost of :0th process: 0.029369s
0th m: 0
time cost of estimate: 0.017001s
time cost:0.029369s
time cost of :0th process: 0.031428s
0th m: 0
time cost of estimate: 0.016933s
time cost:0.031428s
time cost of :0th process: 0.032525s
0th m: 0
time cost of estimate: 0.017281s
time cost:0.032525s
time cost of :0th process: 0.025842s
0th m: 0
time cost of estimate: 0.014565s
time cost:0.025842s
time cost of :0th process: 0.024226s
0th m: 0
time cost of estimate: 0.014853s
time cost:0.024226s
time cost of :0th process: 0.031846s
0th m: 0
time cost of estimate: 0.017413s
time cost:0.031846s
time cost of :0th process: 0.015939s
0th m: 0
time cost of estimate: 0.009028s
time cost:0.015939s
time cost of :0th process: 0.028542s
0th m: 0
time cost of estimate: 0.017227s
time cost:0.028542s
time cost of :0th process: 0.057171s
0th m: 0
time cost of estimate: 0.046768s
time cost:0.057171s
time cost of :0th process: 0.021193s
0th m: 0
time cost of estimate: 0.010897s
time cost:0.021193s
time cost of :0th process: 0.032832s
0th m: 0
time cost of estimate: 0.015706s
time cost:0.032832s
time cost of :0th process: 0.018825s
0th m: 0
time cost of estimate: 0.010813s
time cost:0.018825s
time cost of :0th process: 0.019861s
0th m: 0
time cost of estimate: 0.01105s
time cost:0.019861s
time cost of :0th process: 0.030657s
0th m: 0
time cost of estimate: 0.015821s
time cost:0.030657s
time cost of :0th process: 0.023186s
0th m: 0
time cost of estimate: 0.012369s
time cost:0.023186s
time cost of :0th process: 0.023966s
0th m: 0
time cost of estimate: 0.012253s
time cost:0.023966s
time cost of :0th process: 0.031863s
0th m: 0
time cost of estimate: 0.016252s
time cost:0.031863s
time cost of :0th process: 0.020149s
0th m: 0
time cost of estimate: 0.011072s
time cost:0.020149s
time cost of :0th process: 0.018703s
0th m: 0
time cost of estimate: 0.009766s
time cost:0.018703s
time cost of :0th process: 0.025282s
0th m: 0
time cost of estimate: 0.013542s
time cost:0.025282s
time cost of :0th process: 0.018187s
0th m: 0
time cost of estimate: 0.008592s
time cost:0.018187s
time cost of :0th process: 0.024779s
0th m: 0
time cost of estimate: 0.012251s
time cost:0.024779s
time cost of :0th process: 0.030718s
0th m: 0
time cost of estimate: 0.016458s
time cost:0.030718s
time cost of :0th process: 0.035869s
0th m: 0
time cost of estimate: 0.016456s
time cost:0.035869s
time cost of :0th process: 0.020755s
0th m: 0
time cost of estimate: 0.011283s
time cost:0.020755s
time cost of :0th process: 0.034471s
0th m: 0
time cost of estimate: 0.016483s
time cost:0.034471s
time cost of :0th process: 0.025961s
0th m: 0
time cost of estimate: 0.013842s
time cost:0.025961s
time cost of :0th process: 0.034752s
0th m: 0
time cost of estimate: 0.016442s
time cost:0.034752s
time cost of :0th process: 0.032073s
0th m: 0
time cost of estimate: 0.016916s
time cost:0.032073s
time cost of :0th process: 0.02412s
0th m: 0
time cost of estimate: 0.012702s
time cost:0.02412s
time cost of :0th process: 0.024657s
0th m: 0
time cost of estimate: 0.012262s
time cost:0.024657s
time cost of :0th process: 0.02065s
0th m: 0
time cost of estimate: 0.011361s
time cost:0.02065s
time cost of :0th process: 0.026834s
0th m: 0
time cost of estimate: 0.013882s
time cost:0.026834s
time cost of :0th process: 0.020973s
0th m: 0
time cost of estimate: 0.01129s
time cost:0.020973s
time cost of :0th process: 0.025175s
0th m: 0
time cost of estimate: 0.013542s
time cost:0.025175s
time cost of :0th process: 0.02618s
0th m: 0
time cost of estimate: 0.013792s
time cost:0.02618s
time cost of :0th process: 0.02571s
0th m: 0
time cost of estimate: 0.013754s
time cost:0.02571s
time cost of :0th process: 0.024887s
0th m: 0
time cost of estimate: 0.012454s
time cost:0.024887s
time cost of :0th process: 0.02085s
0th m: 0
time cost of estimate: 0.010171s
time cost:0.02085s
time cost of :0th process: 0.033947s
0th m: 0
time cost of estimate: 0.017412s
time cost:0.033947s
time cost of :0th process: 0.034517s
0th m: 0
time cost of estimate: 0.016492s
time cost:0.034517s
time cost of :0th process: 0.032694s
0th m: 0
time cost of estimate: 0.016702s
time cost:0.032694s
time cost of :0th process: 0.03232s
0th m: 0
time cost of estimate: 0.016801s
time cost:0.03232s
time cost of :0th process: 0.020466s
0th m: 0
time cost of estimate: 0.011372s
time cost:0.020466s
time cost of :0th process: 0.03496s
0th m: 0
time cost of estimate: 0.018819s
time cost:0.03496s
time cost of :0th process: 0.022574s
0th m: 0
time cost of estimate: 0.01312s
time cost:0.022574s
time cost of :0th process: 0.03936s
0th m: 0
time cost of estimate: 0.018859s
time cost:0.03936s
time cost of :0th process: 0.034538s
0th m: 0
time cost of estimate: 0.019201s
time cost:0.034538s
time cost of :0th process: 0.035302s
0th m: 0
time cost of estimate: 0.019116s
time cost:0.035302s
time cost of :0th process: 0.030172s
0th m: 0
time cost of estimate: 0.016406s
time cost:0.030172s
time cost of :0th process: 0.023672s
0th m: 0
time cost of estimate: 0.013351s
time cost:0.023672s
time cost of :0th process: 0.029896s
0th m: 0
time cost of estimate: 0.016296s
time cost:0.029896s
time cost of :0th process: 0.031904s
0th m: 0
time cost of estimate: 0.016461s
time cost:0.031904s
time cost of :0th process: 0.035048s
0th m: 0
time cost of estimate: 0.019303s
time cost:0.035048s
time cost of :0th process: 0.021311s
0th m: 0
time cost of estimate: 0.012095s
time cost:0.021311s
******************** input parameters ***************************
*	# of thread:64
*	# of iteration:1
*	the input graph file:../materials/input/graph/IMDB/graph.txt
*	the input vertex file:../materials/input/graph/IMDB/vertex.txt
*	the input edge file:../materials/input/graph/IMDB/edge.txt
*	the input meta-path:../materials/input/metapath/IMDB/IMDB.txt
*	the output file:../materials/output/accuracy/IMDB/mnc_acc.txt
*****************************************************************
*	the number of vertex is: 471822.
*	successfully get vertex types.
*	the number of edge is: 1041942.
*	successfully get edge types.
*	successfully get graph.
*	successfully get metapathesN.
time cost of :0th process: 0.28296s
0th m: 0
time cost of estimate: 0.126759s
time cost of :0th process: 0.165318s
0th m: 0
time cost of estimate: 0.125874s
time cost of :0th process: 0.109435s
0th m: 0
time cost of estimate: 0.092479s
time cost of :0th process: 0.119211s
0th m: 0
time cost of estimate: 0.09586s
time cost of :0th process: 0.130438s
0th m: 0
time cost of estimate: 0.104908s
time cost of :0th process: 0.130961s
0th m: 0
time cost of estimate: 0.104947s
time cost of :0th process: 0.137992s
0th m: 0
time cost of estimate: 0.106212s
time cost of :0th process: 0.143591s
0th m: 0
time cost of estimate: 0.112833s
time cost of :0th process: 0.111374s
0th m: 0
time cost of estimate: 0.092202s
time cost of :0th process: 0.132078s
0th m: 0
time cost of estimate: 0.100723s
time cost of :0th process: 0.130388s
0th m: 0
time cost of estimate: 0.103938s
time cost of :0th process: 0.124891s
0th m: 0
time cost of estimate: 0.101061s
time cost of :0th process: 0.155628s
0th m: 0
time cost of estimate: 0.121659s
time cost of :0th process: 0.139504s
0th m: 0
time cost of estimate: 0.109003s
time cost of :0th process: 0.128643s
0th m: 0
time cost of estimate: 0.105612s
time cost of :0th process: 0.154481s
0th m: 0
time cost of estimate: 0.120751s
time cost of :0th process: 0.155123s
0th m: 0
time cost of estimate: 0.12177s
time cost of :0th process: 0.159085s
0th m: 0
time cost of estimate: 0.126214s
time cost of :0th process: 0.156448s
0th m: 0
time cost of estimate: 0.11232s
time cost of :0th process: 0.150995s
0th m: 0
time cost of estimate: 0.123613s
time cost of :0th process: 0.153512s
0th m: 0
time cost of estimate: 0.120111s
time cost of :0th process: 0.108606s
0th m: 0
time cost of estimate: 0.091733s
time cost of :0th process: 0.142715s
0th m: 0
time cost of estimate: 0.115852s
time cost of :0th process: 0.134571s
0th m: 0
time cost of estimate: 0.108525s
time cost of :0th process: 0.153623s
0th m: 0
time cost of estimate: 0.12085s
time cost of :0th process: 0.159135s
0th m: 0
time cost of estimate: 0.125833s
time cost of :0th process: 0.108593s
0th m: 0
time cost of estimate: 0.092115s
time cost of :0th process: 0.127949s
0th m: 0
time cost of estimate: 0.106603s
time cost of :0th process: 0.15482s
0th m: 0
time cost of estimate: 0.121466s
time cost of :0th process: 0.157859s
0th m: 0
time cost of estimate: 0.12567s
time cost of :0th process: 0.118562s
0th m: 0
time cost of estimate: 0.099833s
time cost of :0th process: 0.142323s
0th m: 0
time cost of estimate: 0.113645s
time cost of :0th process: 0.14831s
0th m: 0
time cost of estimate: 0.120126s
time cost of :0th process: 0.15453s
0th m: 0
time cost of estimate: 0.121465s
time cost of :0th process: 0.155573s
0th m: 0
time cost of estimate: 0.121682s
time cost of :0th process: 0.128101s
0th m: 0
time cost of estimate: 0.10629s
time cost of :0th process: 0.14807s
0th m: 0
time cost of estimate: 0.114751s
time cost of :0th process: 0.154609s
0th m: 0
time cost of estimate: 0.121646s
time cost of :0th process: 0.144816s
0th m: 0
time cost of estimate: 0.116686s
time cost of :0th process: 0.129376s
0th m: 0
time cost of estimate: 0.106747s
time cost of :0th process: 0.133742s
0th m: 0
time cost of estimate: 0.107279s
time cost of :0th process: 0.160432s
0th m: 0
time cost of estimate: 0.126395s
time cost of :0th process: 0.152258s
0th m: 0
time cost of estimate: 0.118933s
time cost of :0th process: 0.129136s
0th m: 0
time cost of estimate: 0.106791s
time cost of :0th process: 0.141303s
0th m: 0
time cost of estimate: 0.11299s
time cost of :0th process: 0.160256s
0th m: 0
time cost of estimate: 0.126659s
time cost of :0th process: 0.156086s
0th m: 0
time cost of estimate: 0.122908s
time cost of :0th process: 0.156057s
0th m: 0
time cost of estimate: 0.122737s
time cost of :0th process: 0.148755s
0th m: 0
time cost of estimate: 0.116633s
time cost of :0th process: 0.154444s
0th m: 0
time cost of estimate: 0.119776s
time cost of :0th process: 0.155205s
0th m: 0
time cost of estimate: 0.118905s
time cost of :0th process: 0.114031s
0th m: 0
time cost of estimate: 0.097402s
time cost of :0th process: 0.160748s
0th m: 0
time cost of estimate: 0.1253s
time cost of :0th process: 0.144312s
0th m: 0
time cost of estimate: 0.115632s
time cost of :0th process: 0.127348s
0th m: 0
time cost of estimate: 0.105245s
time cost of :0th process: 0.155923s
0th m: 0
time cost of estimate: 0.120346s
time cost of :0th process: 0.128672s
0th m: 0
time cost of estimate: 0.108573s
time cost of :0th process: 0.117455s
0th m: 0
time cost of estimate: 0.095849s
time cost of :0th process: 0.146588s
0th m: 0
time cost of estimate: 0.111088s
time cost of :0th process: 0.110909s
0th m: 0
time cost of estimate: 0.087566s
time cost of :0th process: 0.140601s
0th m: 0
time cost of estimate: 0.114479s
time cost of :0th process: 0.157097s
0th m: 0
time cost of estimate: 0.122283s
time cost of :0th process: 0.130198s
0th m: 0
time cost of estimate: 0.107587s
time cost of :0th process: 0.118401s
0th m: 0
time cost of estimate: 0.097642s
time cost of :0th process: 0.146559s
0th m: 0
time cost of estimate: 0.117602s
time cost of :0th process: 0.120009s
0th m: 0
time cost of estimate: 0.100906s
time cost of :0th process: 0.14488s
0th m: 0
time cost of estimate: 0.115966s
time cost of :0th process: 0.157188s
0th m: 0
time cost of estimate: 0.123064s
time cost of :0th process: 0.156999s
0th m: 0
time cost of estimate: 0.122548s
time cost of :0th process: 0.143533s
0th m: 0
time cost of estimate: 0.112932s
time cost of :0th process: 0.187337s
0th m: 0
time cost of estimate: 0.145033s
time cost of :0th process: 0.188118s
0th m: 0
time cost of estimate: 0.15203s
time cost of :0th process: 0.203517s
0th m: 0
time cost of estimate: 0.160231s
time cost of :0th process: 0.188946s
0th m: 0
time cost of estimate: 0.145568s
time cost of :0th process: 0.18013s
0th m: 0
time cost of estimate: 0.141431s
time cost of :0th process: 0.16926s
0th m: 0
time cost of estimate: 0.135437s
time cost of :0th process: 0.152123s
0th m: 0
time cost of estimate: 0.124008s
time cost of :0th process: 0.176946s
0th m: 0
time cost of estimate: 0.138696s
time cost of :0th process: 0.150587s
0th m: 0
time cost of estimate: 0.122729s
time cost of :0th process: 0.163145s
0th m: 0
time cost of estimate: 0.134765s
time cost of :0th process: 0.139406s
0th m: 0
time cost of estimate: 0.112036s
time cost of :0th process: 0.137103s
0th m: 0
time cost of estimate: 0.10891s
time cost of :0th process: 0.120377s
0th m: 0
time cost of estimate: 0.095314s
time cost of :0th process: 0.110139s
0th m: 0
time cost of estimate: 0.089398s
time cost of :0th process: 0.149964s
0th m: 0
time cost of estimate: 0.116327s
time cost of :0th process: 0.140718s
0th m: 0
time cost of estimate: 0.107821s
time cost of :0th process: 0.154113s
0th m: 0
time cost of estimate: 0.117934s
time cost of :0th process: 0.14531s
0th m: 0
time cost of estimate: 0.11181s
time cost of :0th process: 0.117167s
0th m: 0
time cost of estimate: 0.095726s
time cost of :0th process: 0.149162s
0th m: 0
time cost of estimate: 0.116272s
time cost of :0th process: 0.123062s
0th m: 0
time cost of estimate: 0.100564s
time cost of :0th process: 0.142915s
0th m: 0
time cost of estimate: 0.11024s
time cost of :0th process: 0.148869s
0th m: 0
time cost of estimate: 0.116369s
time cost of :0th process: 0.146508s
0th m: 0
time cost of estimate: 0.112596s
time cost of :0th process: 0.139848s
0th m: 0
time cost of estimate: 0.110867s
time cost of :0th process: 0.119067s
0th m: 0
time cost of estimate: 0.096565s
time cost of :0th process: 0.141433s
0th m: 0
time cost of estimate: 0.110934s
time cost of :0th process: 0.139082s
0th m: 0
time cost of estimate: 0.110172s
time cost of :0th process: 0.151974s
0th m: 0
time cost of estimate: 0.117804s
time cost of :0th process: 0.10327s
0th m: 0
time cost of estimate: 0.08498s
******************** input parameters ***************************
*	# of thread:64
*	# of iteration:1
*	the input graph file:../materials/input/graph/IMDB/graph.txt
*	the input vertex file:../materials/input/graph/IMDB/vertex.txt
*	the input edge file:../materials/input/graph/IMDB/edge.txt
*	the input meta-path:../materials/input/metapath/IMDB/IMDB.txt
*	the output file:../materials/output/accuracy/IMDB/res_acc.txt
*****************************************************************
*	the number of vertex is: 471822.
*	successfully get vertex types.
*	the number of edge is: 1041942.
*	successfully get edge types.
*	successfully get graph.
*	successfully get metapathesN.
time cost of :0th process: 0.155038s
0th m: 0
time cost of estimate: 0.025122s
time cost of :0th process: 0.041953s
0th m: 0
time cost of estimate: 0.023316s
time cost of :0th process: 0.035149s
0th m: 0
time cost of estimate: 0.027612s
time cost of :0th process: 0.028184s
0th m: 0
time cost of estimate: 0.019711s
time cost of :0th process: 0.029759s
0th m: 0
time cost of estimate: 0.020199s
time cost of :0th process: 0.031414s
0th m: 0
time cost of estimate: 0.020082s
time cost of :0th process: 0.039221s
0th m: 0
time cost of estimate: 0.021842s
time cost of :0th process: 0.036121s
0th m: 0
time cost of estimate: 0.022058s
time cost of :0th process: 0.029289s
0th m: 0
time cost of estimate: 0.021583s
time cost of :0th process: 0.032008s
0th m: 0
time cost of estimate: 0.02003s
time cost of :0th process: 0.030913s
0th m: 0
time cost of estimate: 0.021668s
time cost of :0th process: 0.027749s
0th m: 0
time cost of estimate: 0.01968s
time cost of :0th process: 0.033984s
0th m: 0
time cost of estimate: 0.021676s
time cost of :0th process: 0.037545s
0th m: 0
time cost of estimate: 0.022078s
time cost of :0th process: 0.03119s
0th m: 0
time cost of estimate: 0.021624s
time cost of :0th process: 0.036589s
0th m: 0
time cost of estimate: 0.021843s
time cost of :0th process: 0.036696s
0th m: 0
time cost of estimate: 0.022034s
time cost of :0th process: 0.03659s
0th m: 0
time cost of estimate: 0.021891s
time cost of :0th process: 0.033979s
0th m: 0
time cost of estimate: 0.021739s
time cost of :0th process: 0.032006s
0th m: 0
time cost of estimate: 0.021589s
time cost of :0th process: 0.036369s
0th m: 0
time cost of estimate: 0.021846s
time cost of :0th process: 0.030297s
0th m: 0
time cost of estimate: 0.021307s
time cost of :0th process: 0.032283s
0th m: 0
time cost of estimate: 0.021456s
time cost of :0th process: 0.031997s
0th m: 0
time cost of estimate: 0.021723s
time cost of :0th process: 0.036218s
0th m: 0
time cost of estimate: 0.021907s
time cost of :0th process: 0.036682s
0th m: 0
time cost of estimate: 0.021896s
time cost of :0th process: 0.030347s
0th m: 0
time cost of estimate: 0.020814s
time cost of :0th process: 0.027159s
0th m: 0
time cost of estimate: 0.01762s
time cost of :0th process: 0.044844s
0th m: 0
time cost of estimate: 0.027726s
time cost of :0th process: 0.03443s
0th m: 0
time cost of estimate: 0.0184s
time cost of :0th process: 0.027789s
0th m: 0
time cost of estimate: 0.018437s
time cost of :0th process: 0.0296s
0th m: 0
time cost of estimate: 0.017889s
time cost of :0th process: 0.030635s
0th m: 0
time cost of estimate: 0.018257s
time cost of :0th process: 0.033545s
0th m: 0
time cost of estimate: 0.018403s
time cost of :0th process: 0.034569s
0th m: 0
time cost of estimate: 0.018538s
time cost of :0th process: 0.027628s
0th m: 0
time cost of estimate: 0.018081s
time cost of :0th process: 0.033339s
0th m: 0
time cost of estimate: 0.018501s
time cost of :0th process: 0.032823s
0th m: 0
time cost of estimate: 0.018458s
time cost of :0th process: 0.03027s
0th m: 0
time cost of estimate: 0.018238s
time cost of :0th process: 0.028291s
0th m: 0
time cost of estimate: 0.017969s
time cost of :0th process: 0.031142s
0th m: 0
time cost of estimate: 0.018049s
time cost of :0th process: 0.032047s
0th m: 0
time cost of estimate: 0.018366s
time cost of :0th process: 0.033969s
0th m: 0
time cost of estimate: 0.018601s
time cost of :0th process: 0.028204s
0th m: 0
time cost of estimate: 0.018218s
time cost of :0th process: 0.034379s
0th m: 0
time cost of estimate: 0.020662s
time cost of :0th process: 0.037288s
0th m: 0
time cost of estimate: 0.02103s
time cost of :0th process: 0.038128s
0th m: 0
time cost of estimate: 0.021124s
time cost of :0th process: 0.039502s
0th m: 0
time cost of estimate: 0.021026s
time cost of :0th process: 0.03563s
0th m: 0
time cost of estimate: 0.020887s
time cost of :0th process: 0.032571s
0th m: 0
time cost of estimate: 0.019519s
time cost of :0th process: 0.036874s
0th m: 0
time cost of estimate: 0.019515s
time cost of :0th process: 0.026864s
0th m: 0
time cost of estimate: 0.017983s
time cost of :0th process: 0.030676s
0th m: 0
time cost of estimate: 0.017067s
time cost of :0th process: 0.029342s
0th m: 0
time cost of estimate: 0.018371s
time cost of :0th process: 0.025666s
0th m: 0
time cost of estimate: 0.016679s
time cost of :0th process: 0.030563s
0th m: 0
time cost of estimate: 0.017113s
time cost of :0th process: 0.026629s
0th m: 0
time cost of estimate: 0.018273s
time cost of :0th process: 0.025748s
0th m: 0
time cost of estimate: 0.016743s
time cost of :0th process: 0.030053s
0th m: 0
time cost of estimate: 0.017213s
time cost of :0th process: 0.028416s
0th m: 0
time cost of estimate: 0.018313s
time cost of :0th process: 0.027315s
0th m: 0
time cost of estimate: 0.016934s
time cost of :0th process: 0.029755s
0th m: 0
time cost of estimate: 0.016987s
time cost of :0th process: 0.025101s
0th m: 0
time cost of estimate: 0.016728s
time cost of :0th process: 0.025415s
0th m: 0
time cost of estimate: 0.01631s
time cost of :0th process: 0.027223s
0th m: 0
time cost of estimate: 0.016628s
time cost of :0th process: 0.026949s
0th m: 0
time cost of estimate: 0.017715s
time cost of :0th process: 0.027316s
0th m: 0
time cost of estimate: 0.016634s
time cost of :0th process: 0.031306s
0th m: 0
time cost of estimate: 0.018282s
time cost of :0th process: 0.033935s
0th m: 0
time cost of estimate: 0.018703s
time cost of :0th process: 0.02727s
0th m: 0
time cost of estimate: 0.018293s
time cost of :0th process: 0.03033s
0th m: 0
time cost of estimate: 0.017295s
time cost of :0th process: 0.029041s
0th m: 0
time cost of estimate: 0.01839s
time cost of :0th process: 0.030031s
0th m: 0
time cost of estimate: 0.017243s
time cost of :0th process: 0.030568s
0th m: 0
time cost of estimate: 0.01736s
time cost of :0th process: 0.029673s
0th m: 0
time cost of estimate: 0.01834s
time cost of :0th process: 0.029553s
0th m: 0
time cost of estimate: 0.016686s
time cost of :0th process: 0.027668s
0th m: 0
time cost of estimate: 0.018117s
time cost of :0th process: 0.029489s
0th m: 0
time cost of estimate: 0.01834s
time cost of :0th process: 0.028473s
0th m: 0
time cost of estimate: 0.018124s
time cost of :0th process: 0.035698s
0th m: 0
time cost of estimate: 0.020862s
time cost of :0th process: 0.035211s
0th m: 0
time cost of estimate: 0.020781s
time cost of :0th process: 0.03456s
0th m: 0
time cost of estimate: 0.020633s
time cost of :0th process: 0.036134s
0th m: 0
time cost of estimate: 0.020523s
time cost of :0th process: 0.032807s
0th m: 0
time cost of estimate: 0.020047s
time cost of :0th process: 0.034139s
0th m: 0
time cost of estimate: 0.018617s
time cost of :0th process: 0.034897s
0th m: 0
time cost of estimate: 0.018746s
time cost of :0th process: 0.039167s
0th m: 0
time cost of estimate: 0.025744s
time cost of :0th process: 0.033269s
0th m: 0
time cost of estimate: 0.018703s
time cost of :0th process: 0.026621s
0th m: 0
time cost of estimate: 0.016841s
time cost of :0th process: 0.031195s
0th m: 0
time cost of estimate: 0.017096s
time cost of :0th process: 0.026368s
0th m: 0
time cost of estimate: 0.016781s
time cost of :0th process: 0.03092s
0th m: 0
time cost of estimate: 0.017101s
time cost of :0th process: 0.031085s
0th m: 0
time cost of estimate: 0.018573s
time cost of :0th process: 0.030289s
0th m: 0
time cost of estimate: 0.017272s
time cost of :0th process: 0.031694s
0th m: 0
time cost of estimate: 0.019372s
time cost of :0th process: 0.025153s
0th m: 0
time cost of estimate: 0.016492s
time cost of :0th process: 0.029024s
0th m: 0
time cost of estimate: 0.016739s
time cost of :0th process: 0.029464s
0th m: 0
time cost of estimate: 0.018275s
time cost of :0th process: 0.03498s
0th m: 0
time cost of estimate: 0.018572s
time cost of :0th process: 0.030531s
0th m: 0
time cost of estimate: 0.022201s
